C:\Users\davidal\source\repos\Weather\Weather\dist\out-tsc\app\_models\city.js
C:\Users\davidal\source\repos\Weather\Weather\dist\out-tsc\app\_models\city.js.map
C:\Users\davidal\source\repos\Weather\Weather\dist\out-tsc\app\favorite\favorite.service.js
C:\Users\davidal\source\repos\Weather\Weather\dist\out-tsc\app\favorite\favorite.service.js.map
C:\Users\davidal\source\repos\Weather\Weather\dist\out-tsc\app\favorite\favorite.component.js
C:\Users\davidal\source\repos\Weather\Weather\dist\out-tsc\app\favorite\favorite.component.js.map
C:\Users\davidal\source\repos\Weather\Weather\dist\out-tsc\app\search\search.service.js
C:\Users\davidal\source\repos\Weather\Weather\dist\out-tsc\app\search\search.service.js.map
C:\Users\davidal\source\repos\Weather\Weather\dist\out-tsc\app\search\search.component.js
C:\Users\davidal\source\repos\Weather\Weather\dist\out-tsc\app\search\search.component.js.map
C:\Users\davidal\source\repos\Weather\Weather\dist\out-tsc\app\app-routing.module.js
C:\Users\davidal\source\repos\Weather\Weather\dist\out-tsc\app\app-routing.module.js.map
C:\Users\davidal\source\repos\Weather\Weather\dist\out-tsc\app\app.component.js
C:\Users\davidal\source\repos\Weather\Weather\dist\out-tsc\app\app.component.js.map
C:\Users\davidal\source\repos\Weather\Weather\dist\out-tsc\app\shared\city-list.component.js
C:\Users\davidal\source\repos\Weather\Weather\dist\out-tsc\app\shared\city-list.component.js.map
C:\Users\davidal\source\repos\Weather\Weather\dist\out-tsc\app\_models\Weather.js
C:\Users\davidal\source\repos\Weather\Weather\dist\out-tsc\app\_models\Weather.js.map
C:\Users\davidal\source\repos\Weather\Weather\dist\out-tsc\app\shared\weather.service.js
C:\Users\davidal\source\repos\Weather\Weather\dist\out-tsc\app\shared\weather.service.js.map
C:\Users\davidal\source\repos\Weather\Weather\dist\out-tsc\app\shared\city-weather.component.js
C:\Users\davidal\source\repos\Weather\Weather\dist\out-tsc\app\shared\city-weather.component.js.map
C:\Users\davidal\source\repos\Weather\Weather\dist\out-tsc\app\app.module.js
C:\Users\davidal\source\repos\Weather\Weather\dist\out-tsc\app\app.module.js.map
C:\Users\davidal\source\repos\Weather\Weather\dist\out-tsc\environments\environment.js
C:\Users\davidal\source\repos\Weather\Weather\dist\out-tsc\environments\environment.js.map
C:\Users\davidal\source\repos\Weather\Weather\dist\out-tsc\main.js
C:\Users\davidal\source\repos\Weather\Weather\dist\out-tsc\main.js.map
C:\Users\davidal\source\repos\Weather\Weather\dist\out-tsc\polyfills.js
C:\Users\davidal\source\repos\Weather\Weather\dist\out-tsc\polyfills.js.map
C:\Users\davidal\source\repos\Weather\Weather\dist\out-tsc\test.js
C:\Users\davidal\source\repos\Weather\Weather\dist\out-tsc\test.js.map
C:\Users\davidal\source\repos\Weather\Weather\dist\out-tsc\app\app.component.spec.js
C:\Users\davidal\source\repos\Weather\Weather\dist\out-tsc\app\app.component.spec.js.map
C:\Users\davidal\source\repos\Weather\Weather\dist\out-tsc\environments\environment.prod.js
C:\Users\davidal\source\repos\Weather\Weather\dist\out-tsc\environments\environment.prod.js.map
